2024-10-11 02:06:47 URL:http://ftpmaster.internal/ubuntu/dists/noble/InRelease [255850/255850] -> "/build/chroot/var/lib/apt/lists/partial/ftpmaster.internal_ubuntu_dists_noble_InRelease" [1]
gpgv: Signature made Thu Apr 25 15:11:21 2024 UTC
gpgv:                using RSA key F6ECB3762474EDA9D21B7022871920D1991BC93C
gpgv: Good signature from "Ubuntu Archive Automatic Signing Key (2018) <ftpmaster@ubuntu.com>"
2024-10-11 02:06:49 URL:http://ftpmaster.internal/ubuntu/dists/noble/main/binary-arm64/by-hash/SHA256/4a1901e6124fb0a111f5dffc8f5c14474f449e2ecfa71f2eaf0b29917edb53f9 [1376632/1376632] -> "/build/chroot/var/lib/apt/lists/partial/ftpmaster.internal_ubuntu_dists_noble_main_binary-arm64_Packages.xz" [1]
2024-10-11 02:06:50 URL:http://ftpmaster.internal/ubuntu/dists/noble/restricted/binary-arm64/by-hash/SHA256/1dfe4e5147239a454736dcbbcc92a3770de246903d3b566759602345e8c1a797 [91900/91900] -> "/build/chroot/var/lib/apt/lists/partial/ftpmaster.internal_ubuntu_dists_noble_restricted_binary-arm64_Packages.xz" [1]
2024-10-11 02:06:53 URL:http://ftpmaster.internal/ubuntu/pool/main/a/apt/apt_2.7.14build2_arm64.deb [1336188/1336188] -> "/build/chroot//var/cache/apt/archives/partial/apt_2.7.14build2_arm64.deb" [1]
2024-10-11 02:06:53 URL:http://ftpmaster.internal/ubuntu/pool/main/b/base-files/base-files_13ubuntu10_arm64.deb [73758/73758] -> "/build/chroot//var/cache/apt/archives/partial/base-files_13ubuntu10_arm64.deb" [1]
2024-10-11 02:06:53 URL:http://ftpmaster.internal/ubuntu/pool/main/b/base-passwd/base-passwd_3.6.3build1_arm64.deb [51144/51144] -> "/build/chroot//var/cache/apt/archives/partial/base-passwd_3.6.3build1_arm64.deb" [1]
2024-10-11 02:06:54 URL:http://ftpmaster.internal/ubuntu/pool/main/b/bash/bash_5.2.21-2ubuntu4_arm64.deb [780262/780262] -> "/build/chroot//var/cache/apt/archives/partial/bash_5.2.21-2ubuntu4_arm64.deb" [1]
2024-10-11 02:06:55 URL:http://ftpmaster.internal/ubuntu/pool/main/u/util-linux/bsdutils_2.39.3-9ubuntu6_arm64.deb [97734/97734] -> "/build/chroot//var/cache/apt/archives/partial/bsdutils_1%3a2.39.3-9ubuntu6_arm64.deb" [1]
2024-10-11 02:06:56 URL:http://ftpmaster.internal/ubuntu/pool/main/c/coreutils/coreutils_9.4-3ubuntu6_arm64.deb [1362772/1362772] -> "/build/chroot//var/cache/apt/archives/partial/coreutils_9.4-3ubuntu6_arm64.deb" [1]
2024-10-11 02:06:57 URL:http://ftpmaster.internal/ubuntu/pool/main/d/dash/dash_0.5.12-6ubuntu5_arm64.deb [90376/90376] -> "/build/chroot//var/cache/apt/archives/partial/dash_0.5.12-6ubuntu5_arm64.deb" [1]
2024-10-11 02:06:57 URL:http://ftpmaster.internal/ubuntu/pool/main/d/debconf/debconf_1.5.86ubuntu1_all.deb [124096/124096] -> "/build/chroot//var/cache/apt/archives/partial/debconf_1.5.86ubuntu1_all.deb" [1]
2024-10-11 02:06:58 URL:http://ftpmaster.internal/ubuntu/pool/main/d/debianutils/debianutils_5.17build1_arm64.deb [90236/90236] -> "/build/chroot//var/cache/apt/archives/partial/debianutils_5.17build1_arm64.deb" [1]
2024-10-11 02:06:58 URL:http://ftpmaster.internal/ubuntu/pool/main/d/diffutils/diffutils_3.10-1build1_arm64.deb [174546/174546] -> "/build/chroot//var/cache/apt/archives/partial/diffutils_1%3a3.10-1build1_arm64.deb" [1]
2024-10-11 02:07:00 URL:http://ftpmaster.internal/ubuntu/pool/main/d/dpkg/dpkg_1.22.6ubuntu6_arm64.deb [1265468/1265468] -> "/build/chroot//var/cache/apt/archives/partial/dpkg_1.22.6ubuntu6_arm64.deb" [1]
2024-10-11 02:07:01 URL:http://ftpmaster.internal/ubuntu/pool/main/e/e2fsprogs/e2fsprogs_1.47.0-2.4~exp1ubuntu4_arm64.deb [594168/594168] -> "/build/chroot//var/cache/apt/archives/partial/e2fsprogs_1.47.0-2.4~exp1ubuntu4_arm64.deb" [1]
2024-10-11 02:07:02 URL:http://ftpmaster.internal/ubuntu/pool/main/f/findutils/findutils_4.9.0-5build1_arm64.deb [300282/300282] -> "/build/chroot//var/cache/apt/archives/partial/findutils_4.9.0-5build1_arm64.deb" [1]
2024-10-11 02:07:02 URL:http://ftpmaster.internal/ubuntu/pool/main/g/gcc-14/gcc-14-base_14-20240412-0ubuntu1_arm64.deb [47626/47626] -> "/build/chroot//var/cache/apt/archives/partial/gcc-14-base_14-20240412-0ubuntu1_arm64.deb" [1]
2024-10-11 02:07:03 URL:http://ftpmaster.internal/ubuntu/pool/main/g/gnupg2/gpgv_2.4.4-2ubuntu17_arm64.deb [149882/149882] -> "/build/chroot//var/cache/apt/archives/partial/gpgv_2.4.4-2ubuntu17_arm64.deb" [1]
2024-10-11 02:07:03 URL:http://ftpmaster.internal/ubuntu/pool/main/g/grep/grep_3.11-4build1_arm64.deb [158728/158728] -> "/build/chroot//var/cache/apt/archives/partial/grep_3.11-4build1_arm64.deb" [1]
2024-10-11 02:07:03 URL:http://ftpmaster.internal/ubuntu/pool/main/g/gzip/gzip_1.12-1ubuntu3_arm64.deb [97192/97192] -> "/build/chroot//var/cache/apt/archives/partial/gzip_1.12-1ubuntu3_arm64.deb" [1]
2024-10-11 02:07:04 URL:http://ftpmaster.internal/ubuntu/pool/main/h/hostname/hostname_3.23+nmu2ubuntu2_arm64.deb [10990/10990] -> "/build/chroot//var/cache/apt/archives/partial/hostname_3.23+nmu2ubuntu2_arm64.deb" [1]
2024-10-11 02:07:04 URL:http://ftpmaster.internal/ubuntu/pool/main/i/init-system-helpers/init-system-helpers_1.66ubuntu1_all.deb [39402/39402] -> "/build/chroot//var/cache/apt/archives/partial/init-system-helpers_1.66ubuntu1_all.deb" [1]
2024-10-11 02:07:04 URL:http://ftpmaster.internal/ubuntu/pool/main/a/acl/libacl1_2.3.2-1build1_arm64.deb [17036/17036] -> "/build/chroot//var/cache/apt/archives/partial/libacl1_2.3.2-1build1_arm64.deb" [1]
2024-10-11 02:07:05 URL:http://ftpmaster.internal/ubuntu/pool/main/a/apt/libapt-pkg6.0t64_2.7.14build2_arm64.deb [934734/934734] -> "/build/chroot//var/cache/apt/archives/partial/libapt-pkg6.0t64_2.7.14build2_arm64.deb" [1]
2024-10-11 02:07:06 URL:http://ftpmaster.internal/ubuntu/pool/main/liba/libassuan/libassuan0_2.5.6-1build1_arm64.deb [36750/36750] -> "/build/chroot//var/cache/apt/archives/partial/libassuan0_2.5.6-1build1_arm64.deb" [1]
2024-10-11 02:07:06 URL:http://ftpmaster.internal/ubuntu/pool/main/a/attr/libattr1_2.5.2-1build1_arm64.deb [11010/11010] -> "/build/chroot//var/cache/apt/archives/partial/libattr1_1%3a2.5.2-1build1_arm64.deb" [1]
2024-10-11 02:07:06 URL:http://ftpmaster.internal/ubuntu/pool/main/a/audit/libaudit-common_3.1.2-2.1build1_all.deb [5736/5736] -> "/build/chroot//var/cache/apt/archives/partial/libaudit-common_1%3a3.1.2-2.1build1_all.deb" [1]
2024-10-11 02:07:06 URL:http://ftpmaster.internal/ubuntu/pool/main/a/audit/libaudit1_3.1.2-2.1build1_arm64.deb [47570/47570] -> "/build/chroot//var/cache/apt/archives/partial/libaudit1_1%3a3.1.2-2.1build1_arm64.deb" [1]
2024-10-11 02:07:07 URL:http://ftpmaster.internal/ubuntu/pool/main/u/util-linux/libblkid1_2.39.3-9ubuntu6_arm64.deb [122736/122736] -> "/build/chroot//var/cache/apt/archives/partial/libblkid1_2.39.3-9ubuntu6_arm64.deb" [1]
2024-10-11 02:07:07 URL:http://ftpmaster.internal/ubuntu/pool/main/b/bzip2/libbz2-1.0_1.0.8-5.1_arm64.deb [35656/35656] -> "/build/chroot//var/cache/apt/archives/partial/libbz2-1.0_1.0.8-5.1_arm64.deb" [1]
2024-10-11 02:07:08 URL:http://ftpmaster.internal/ubuntu/pool/main/g/glibc/libc-bin_2.39-0ubuntu8_arm64.deb [590832/590832] -> "/build/chroot//var/cache/apt/archives/partial/libc-bin_2.39-0ubuntu8_arm64.deb" [1]
2024-10-11 02:07:10 URL:http://ftpmaster.internal/ubuntu/pool/main/g/glibc/libc6_2.39-0ubuntu8_arm64.deb [2774086/2774086] -> "/build/chroot//var/cache/apt/archives/partial/libc6_2.39-0ubuntu8_arm64.deb" [1]
2024-10-11 02:07:11 URL:http://ftpmaster.internal/ubuntu/pool/main/libc/libcap-ng/libcap-ng0_0.8.4-2build2_arm64.deb [14850/14850] -> "/build/chroot//var/cache/apt/archives/partial/libcap-ng0_0.8.4-2build2_arm64.deb" [1]
2024-10-11 02:07:11 URL:http://ftpmaster.internal/ubuntu/pool/main/libc/libcap2/libcap2_2.66-5ubuntu2_arm64.deb [30200/30200] -> "/build/chroot//var/cache/apt/archives/partial/libcap2_1%3a2.66-5ubuntu2_arm64.deb" [1]
2024-10-11 02:07:11 URL:http://ftpmaster.internal/ubuntu/pool/main/e/e2fsprogs/libcom-err2_1.47.0-2.4~exp1ubuntu4_arm64.deb [22376/22376] -> "/build/chroot//var/cache/apt/archives/partial/libcom-err2_1.47.0-2.4~exp1ubuntu4_arm64.deb" [1]
2024-10-11 02:07:11 URL:http://ftpmaster.internal/ubuntu/pool/main/libx/libxcrypt/libcrypt1_4.4.36-4build1_arm64.deb [85888/85888] -> "/build/chroot//var/cache/apt/archives/partial/libcrypt1_1%3a4.4.36-4build1_arm64.deb" [1]
2024-10-11 02:07:12 URL:http://ftpmaster.internal/ubuntu/pool/main/c/cdebconf/libdebconfclient0_0.271ubuntu3_arm64.deb [11280/11280] -> "/build/chroot//var/cache/apt/archives/partial/libdebconfclient0_0.271ubuntu3_arm64.deb" [1]
2024-10-11 02:07:12 URL:http://ftpmaster.internal/ubuntu/pool/main/e/e2fsprogs/libext2fs2t64_1.47.0-2.4~exp1ubuntu4_arm64.deb [224814/224814] -> "/build/chroot//var/cache/apt/archives/partial/libext2fs2t64_1.47.0-2.4~exp1ubuntu4_arm64.deb" [1]
2024-10-11 02:07:12 URL:http://ftpmaster.internal/ubuntu/pool/main/libf/libffi/libffi8_3.4.6-1build1_arm64.deb [22716/22716] -> "/build/chroot//var/cache/apt/archives/partial/libffi8_3.4.6-1build1_arm64.deb" [1]
2024-10-11 02:07:13 URL:http://ftpmaster.internal/ubuntu/pool/main/g/gcc-14/libgcc-s1_14-20240412-0ubuntu1_arm64.deb [61720/61720] -> "/build/chroot//var/cache/apt/archives/partial/libgcc-s1_14-20240412-0ubuntu1_arm64.deb" [1]
2024-10-11 02:07:13 URL:http://ftpmaster.internal/ubuntu/pool/main/libg/libgcrypt20/libgcrypt20_1.10.3-2build1_arm64.deb [471954/471954] -> "/build/chroot//var/cache/apt/archives/partial/libgcrypt20_1.10.3-2build1_arm64.deb" [1]
2024-10-11 02:07:14 URL:http://ftpmaster.internal/ubuntu/pool/main/g/gmp/libgmp10_6.3.0+dfsg-2ubuntu6_arm64.deb [243082/243082] -> "/build/chroot//var/cache/apt/archives/partial/libgmp10_2%3a6.3.0+dfsg-2ubuntu6_arm64.deb" [1]
2024-10-11 02:07:15 URL:http://ftpmaster.internal/ubuntu/pool/main/g/gnutls28/libgnutls30t64_3.8.3-1.1ubuntu3_arm64.deb [942468/942468] -> "/build/chroot//var/cache/apt/archives/partial/libgnutls30t64_3.8.3-1.1ubuntu3_arm64.deb" [1]
2024-10-11 02:07:15 URL:http://ftpmaster.internal/ubuntu/pool/main/libg/libgpg-error/libgpg-error0_1.47-3build2_arm64.deb [69962/69962] -> "/build/chroot//var/cache/apt/archives/partial/libgpg-error0_1.47-3build2_arm64.deb" [1]
2024-10-11 02:07:16 URL:http://ftpmaster.internal/ubuntu/pool/main/n/nettle/libhogweed6t64_3.9.1-2.2build1_arm64.deb [198788/198788] -> "/build/chroot//var/cache/apt/archives/partial/libhogweed6t64_3.9.1-2.2build1_arm64.deb" [1]
2024-10-11 02:07:16 URL:http://ftpmaster.internal/ubuntu/pool/main/libi/libidn2/libidn2-0_2.3.7-2build1_arm64.deb [67194/67194] -> "/build/chroot//var/cache/apt/archives/partial/libidn2-0_2.3.7-2build1_arm64.deb" [1]
2024-10-11 02:07:16 URL:http://ftpmaster.internal/ubuntu/pool/main/l/lz4/liblz4-1_1.9.4-1build1_arm64.deb [64062/64062] -> "/build/chroot//var/cache/apt/archives/partial/liblz4-1_1.9.4-1build1_arm64.deb" [1]
2024-10-11 02:07:17 URL:http://ftpmaster.internal/ubuntu/pool/main/x/xz-utils/liblzma5_5.6.1+really5.4.5-1_arm64.deb [125356/125356] -> "/build/chroot//var/cache/apt/archives/partial/liblzma5_5.6.1+really5.4.5-1_arm64.deb" [1]
2024-10-11 02:07:17 URL:http://ftpmaster.internal/ubuntu/pool/main/libm/libmd/libmd0_1.1.0-2build1_arm64.deb [24590/24590] -> "/build/chroot//var/cache/apt/archives/partial/libmd0_1.1.0-2build1_arm64.deb" [1]
2024-10-11 02:07:17 URL:http://ftpmaster.internal/ubuntu/pool/main/u/util-linux/libmount1_2.39.3-9ubuntu6_arm64.deb [132878/132878] -> "/build/chroot//var/cache/apt/archives/partial/libmount1_2.39.3-9ubuntu6_arm64.deb" [1]
2024-10-11 02:07:18 URL:http://ftpmaster.internal/ubuntu/pool/main/n/ncurses/libncursesw6_6.4+20240113-1ubuntu2_arm64.deb [145424/145424] -> "/build/chroot//var/cache/apt/archives/partial/libncursesw6_6.4+20240113-1ubuntu2_arm64.deb" [1]
2024-10-11 02:07:18 URL:http://ftpmaster.internal/ubuntu/pool/main/n/nettle/libnettle8t64_3.9.1-2.2build1_arm64.deb [192208/192208] -> "/build/chroot//var/cache/apt/archives/partial/libnettle8t64_3.9.1-2.2build1_arm64.deb" [1]
2024-10-11 02:07:18 URL:http://ftpmaster.internal/ubuntu/pool/main/n/npth/libnpth0t64_1.6-3.1build1_arm64.deb [8144/8144] -> "/build/chroot//var/cache/apt/archives/partial/libnpth0t64_1.6-3.1build1_arm64.deb" [1]
2024-10-11 02:07:19 URL:http://ftpmaster.internal/ubuntu/pool/main/p/p11-kit/libp11-kit0_0.25.3-4ubuntu2_arm64.deb [275798/275798] -> "/build/chroot//var/cache/apt/archives/partial/libp11-kit0_0.25.3-4ubuntu2_arm64.deb" [1]
2024-10-11 02:07:19 URL:http://ftpmaster.internal/ubuntu/pool/main/p/pam/libpam-modules_1.5.3-5ubuntu5_arm64.deb [277982/277982] -> "/build/chroot//var/cache/apt/archives/partial/libpam-modules_1.5.3-5ubuntu5_arm64.deb" [1]
2024-10-11 02:07:20 URL:http://ftpmaster.internal/ubuntu/pool/main/p/pam/libpam-modules-bin_1.5.3-5ubuntu5_arm64.deb [50416/50416] -> "/build/chroot//var/cache/apt/archives/partial/libpam-modules-bin_1.5.3-5ubuntu5_arm64.deb" [1]
2024-10-11 02:07:20 URL:http://ftpmaster.internal/ubuntu/pool/main/p/pam/libpam-runtime_1.5.3-5ubuntu5_all.deb [40760/40760] -> "/build/chroot//var/cache/apt/archives/partial/libpam-runtime_1.5.3-5ubuntu5_all.deb" [1]
2024-10-11 02:07:20 URL:http://ftpmaster.internal/ubuntu/pool/main/p/pam/libpam0g_1.5.3-5ubuntu5_arm64.deb [67792/67792] -> "/build/chroot//var/cache/apt/archives/partial/libpam0g_1.5.3-5ubuntu5_arm64.deb" [1]
2024-10-11 02:07:21 URL:http://ftpmaster.internal/ubuntu/pool/main/p/pcre2/libpcre2-8-0_10.42-4ubuntu2_arm64.deb [211682/211682] -> "/build/chroot//var/cache/apt/archives/partial/libpcre2-8-0_10.42-4ubuntu2_arm64.deb" [1]
2024-10-11 02:07:21 URL:http://ftpmaster.internal/ubuntu/pool/main/p/procps/libproc2-0_4.0.4-4ubuntu3_arm64.deb [58502/58502] -> "/build/chroot//var/cache/apt/archives/partial/libproc2-0_2%3a4.0.4-4ubuntu3_arm64.deb" [1]
2024-10-11 02:07:22 URL:http://ftpmaster.internal/ubuntu/pool/main/libs/libseccomp/libseccomp2_2.5.5-1ubuntu3_arm64.deb [51088/51088] -> "/build/chroot//var/cache/apt/archives/partial/libseccomp2_2.5.5-1ubuntu3_arm64.deb" [1]
2024-10-11 02:07:22 URL:http://ftpmaster.internal/ubuntu/pool/main/libs/libselinux/libselinux1_3.5-2ubuntu2_arm64.deb [79892/79892] -> "/build/chroot//var/cache/apt/archives/partial/libselinux1_3.5-2ubuntu2_arm64.deb" [1]
2024-10-11 02:07:22 URL:http://ftpmaster.internal/ubuntu/pool/main/libs/libsemanage/libsemanage-common_3.5-1build5_all.deb [10144/10144] -> "/build/chroot//var/cache/apt/archives/partial/libsemanage-common_3.5-1build5_all.deb" [1]
2024-10-11 02:07:22 URL:http://ftpmaster.internal/ubuntu/pool/main/libs/libsemanage/libsemanage2_3.5-1build5_arm64.deb [90806/90806] -> "/build/chroot//var/cache/apt/archives/partial/libsemanage2_3.5-1build5_arm64.deb" [1]
2024-10-11 02:07:23 URL:http://ftpmaster.internal/ubuntu/pool/main/libs/libsepol/libsepol2_3.5-2build1_arm64.deb [290818/290818] -> "/build/chroot//var/cache/apt/archives/partial/libsepol2_3.5-2build1_arm64.deb" [1]
2024-10-11 02:07:23 URL:http://ftpmaster.internal/ubuntu/pool/main/u/util-linux/libsmartcols1_2.39.3-9ubuntu6_arm64.deb [64428/64428] -> "/build/chroot//var/cache/apt/archives/partial/libsmartcols1_2.39.3-9ubuntu6_arm64.deb" [1]
2024-10-11 02:07:24 URL:http://ftpmaster.internal/ubuntu/pool/main/e/e2fsprogs/libss2_1.47.0-2.4~exp1ubuntu4_arm64.deb [16466/16466] -> "/build/chroot//var/cache/apt/archives/partial/libss2_1.47.0-2.4~exp1ubuntu4_arm64.deb" [1]
2024-10-11 02:07:28 URL:http://ftpmaster.internal/ubuntu/pool/main/o/openssl/libssl3t64_3.0.13-0ubuntu3_arm64.deb [1793064/1793064] -> "/build/chroot//var/cache/apt/archives/partial/libssl3t64_3.0.13-0ubuntu3_arm64.deb" [1]
2024-10-11 02:07:30 URL:http://ftpmaster.internal/ubuntu/pool/main/g/gcc-14/libstdc++6_14-20240412-0ubuntu1_arm64.deb [747982/747982] -> "/build/chroot//var/cache/apt/archives/partial/libstdc++6_14-20240412-0ubuntu1_arm64.deb" [1]
2024-10-11 02:07:31 URL:http://ftpmaster.internal/ubuntu/pool/main/s/systemd/libsystemd0_255.4-1ubuntu8_arm64.deb [424374/424374] -> "/build/chroot//var/cache/apt/archives/partial/libsystemd0_255.4-1ubuntu8_arm64.deb" [1]
2024-10-11 02:07:32 URL:http://ftpmaster.internal/ubuntu/pool/main/libt/libtasn1-6/libtasn1-6_4.19.0-3build1_arm64.deb [43080/43080] -> "/build/chroot//var/cache/apt/archives/partial/libtasn1-6_4.19.0-3build1_arm64.deb" [1]
2024-10-11 02:07:32 URL:http://ftpmaster.internal/ubuntu/pool/main/n/ncurses/libtinfo6_6.4+20240113-1ubuntu2_arm64.deb [104360/104360] -> "/build/chroot//var/cache/apt/archives/partial/libtinfo6_6.4+20240113-1ubuntu2_arm64.deb" [1]
2024-10-11 02:07:33 URL:http://ftpmaster.internal/ubuntu/pool/main/s/systemd/libudev1_255.4-1ubuntu8_arm64.deb [172824/172824] -> "/build/chroot//var/cache/apt/archives/partial/libudev1_255.4-1ubuntu8_arm64.deb" [1]
2024-10-11 02:07:34 URL:http://ftpmaster.internal/ubuntu/pool/main/libu/libunistring/libunistring5_1.1-2build1_arm64.deb [529568/529568] -> "/build/chroot//var/cache/apt/archives/partial/libunistring5_1.1-2build1_arm64.deb" [1]
2024-10-11 02:07:34 URL:http://ftpmaster.internal/ubuntu/pool/main/u/util-linux/libuuid1_2.39.3-9ubuntu6_arm64.deb [35402/35402] -> "/build/chroot//var/cache/apt/archives/partial/libuuid1_2.39.3-9ubuntu6_arm64.deb" [1]
2024-10-11 02:07:35 URL:http://ftpmaster.internal/ubuntu/pool/main/x/xxhash/libxxhash0_0.8.2-2build1_arm64.deb [21684/21684] -> "/build/chroot//var/cache/apt/archives/partial/libxxhash0_0.8.2-2build1_arm64.deb" [1]
2024-10-11 02:07:35 URL:http://ftpmaster.internal/ubuntu/pool/main/libz/libzstd/libzstd1_1.5.5+dfsg2-2build1_arm64.deb [271224/271224] -> "/build/chroot//var/cache/apt/archives/partial/libzstd1_1.5.5+dfsg2-2build1_arm64.deb" [1]
2024-10-11 02:07:36 URL:http://ftpmaster.internal/ubuntu/pool/main/s/shadow/login_4.13+dfsg1-4ubuntu3_arm64.deb [200354/200354] -> "/build/chroot//var/cache/apt/archives/partial/login_1%3a4.13+dfsg1-4ubuntu3_arm64.deb" [1]
2024-10-11 02:07:36 URL:http://ftpmaster.internal/ubuntu/pool/main/e/e2fsprogs/logsave_1.47.0-2.4~exp1ubuntu4_arm64.deb [22172/22172] -> "/build/chroot//var/cache/apt/archives/partial/logsave_1.47.0-2.4~exp1ubuntu4_arm64.deb" [1]
2024-10-11 02:07:37 URL:http://ftpmaster.internal/ubuntu/pool/main/m/mawk/mawk_1.3.4.20240123-1build1_arm64.deb [123594/123594] -> "/build/chroot//var/cache/apt/archives/partial/mawk_1.3.4.20240123-1build1_arm64.deb" [1]
2024-10-11 02:07:37 URL:http://ftpmaster.internal/ubuntu/pool/main/u/util-linux/mount_2.39.3-9ubuntu6_arm64.deb [116188/116188] -> "/build/chroot//var/cache/apt/archives/partial/mount_2.39.3-9ubuntu6_arm64.deb" [1]
2024-10-11 02:07:38 URL:http://ftpmaster.internal/ubuntu/pool/main/n/ncurses/ncurses-base_6.4+20240113-1ubuntu2_all.deb [25516/25516] -> "/build/chroot//var/cache/apt/archives/partial/ncurses-base_6.4+20240113-1ubuntu2_all.deb" [1]
2024-10-11 02:07:38 URL:http://ftpmaster.internal/ubuntu/pool/main/n/ncurses/ncurses-bin_6.4+20240113-1ubuntu2_arm64.deb [186298/186298] -> "/build/chroot//var/cache/apt/archives/partial/ncurses-bin_6.4+20240113-1ubuntu2_arm64.deb" [1]
2024-10-11 02:07:40 URL:http://ftpmaster.internal/ubuntu/pool/main/s/shadow/passwd_4.13+dfsg1-4ubuntu3_arm64.deb [838766/838766] -> "/build/chroot//var/cache/apt/archives/partial/passwd_1%3a4.13+dfsg1-4ubuntu3_arm64.deb" [1]
2024-10-11 02:07:42 URL:http://ftpmaster.internal/ubuntu/pool/main/p/perl/perl-base_5.38.2-3.2build2_arm64.deb [1777024/1777024] -> "/build/chroot//var/cache/apt/archives/partial/perl-base_5.38.2-3.2build2_arm64.deb" [1]
2024-10-11 02:07:43 URL:http://ftpmaster.internal/ubuntu/pool/main/p/procps/procps_4.0.4-4ubuntu3_arm64.deb [707816/707816] -> "/build/chroot//var/cache/apt/archives/partial/procps_2%3a4.0.4-4ubuntu3_arm64.deb" [1]
2024-10-11 02:07:44 URL:http://ftpmaster.internal/ubuntu/pool/main/s/sed/sed_4.9-2build1_arm64.deb [190710/190710] -> "/build/chroot//var/cache/apt/archives/partial/sed_4.9-2build1_arm64.deb" [1]
2024-10-11 02:07:44 URL:http://ftpmaster.internal/ubuntu/pool/main/s/sensible-utils/sensible-utils_0.0.22_all.deb [22462/22462] -> "/build/chroot//var/cache/apt/archives/partial/sensible-utils_0.0.22_all.deb" [1]
2024-10-11 02:07:44 URL:http://ftpmaster.internal/ubuntu/pool/main/s/sysvinit/sysvinit-utils_3.08-6ubuntu3_arm64.deb [33828/33828] -> "/build/chroot//var/cache/apt/archives/partial/sysvinit-utils_3.08-6ubuntu3_arm64.deb" [1]
2024-10-11 02:07:45 URL:http://ftpmaster.internal/ubuntu/pool/main/t/tar/tar_1.35+dfsg-3build1_arm64.deb [247906/247906] -> "/build/chroot//var/cache/apt/archives/partial/tar_1.35+dfsg-3build1_arm64.deb" [1]
2024-10-11 02:07:45 URL:http://ftpmaster.internal/ubuntu/pool/main/u/ubuntu-keyring/ubuntu-keyring_2023.11.28.1_all.deb [11124/11124] -> "/build/chroot//var/cache/apt/archives/partial/ubuntu-keyring_2023.11.28.1_all.deb" [1]
2024-10-11 02:07:48 URL:http://ftpmaster.internal/ubuntu/pool/main/u/util-linux/util-linux_2.39.3-9ubuntu6_arm64.deb [1114232/1114232] -> "/build/chroot//var/cache/apt/archives/partial/util-linux_2.39.3-9ubuntu6_arm64.deb" [1]
2024-10-11 02:07:49 URL:http://ftpmaster.internal/ubuntu/pool/main/z/zlib/zlib1g_1.3.dfsg-3.1ubuntu2_arm64.deb [61682/61682] -> "/build/chroot//var/cache/apt/archives/partial/zlib1g_1%3a1.3.dfsg-3.1ubuntu2_arm64.deb" [1]
gpgv: Signature made Thu Apr 25 15:11:21 2024 UTC
gpgv:                using RSA key F6ECB3762474EDA9D21B7022871920D1991BC93C
gpgv: Good signature from "Ubuntu Archive Automatic Signing Key (2018) <ftpmaster@ubuntu.com>"
dpkg: warning: parsing file '/var/lib/dpkg/status' near line 5 package 'dpkg':
 missing 'Description' field
dpkg: warning: parsing file '/var/lib/dpkg/status' near line 5 package 'dpkg':
 missing 'Architecture' field
Selecting previously unselected package base-passwd.
(Reading database ... 0 files and directories currently installed.)
Preparing to unpack .../base-passwd_3.6.3build1_arm64.deb ...
Unpacking base-passwd (3.6.3build1) ...
dpkg: base-passwd: dependency problems, but configuring anyway as you requested:
 base-passwd depends on libc6 (>= 2.34); however:
  Package libc6 is not installed.
 base-passwd depends on libdebconfclient0 (>= 0.145); however:
  Package libdebconfclient0 is not installed.
 base-passwd depends on libselinux1 (>= 3.1~); however:
  Package libselinux1 is not installed.

Setting up base-passwd (3.6.3build1) ...
dpkg: warning: parsing file '/var/lib/dpkg/status' near line 25 package 'dpkg':
 missing 'Description' field
dpkg: warning: parsing file '/var/lib/dpkg/status' near line 25 package 'dpkg':
 missing 'Architecture' field
Selecting previously unselected package base-files.
dpkg: regarding .../base-files_13ubuntu10_arm64.deb containing base-files, pre-dependency problem:
 base-files pre-depends on awk
  awk is not installed.

dpkg: warning: ignoring pre-dependency problem!
(Reading database ... 41 files and directories currently installed.)
Preparing to unpack .../base-files_13ubuntu10_arm64.deb ...
dpkg-divert: warning: parsing file '/var/lib/dpkg/status' near line 25 package 'dpkg':
 missing 'Description' field
dpkg-divert: warning: parsing file '/var/lib/dpkg/status' near line 25 package 'dpkg':
 missing 'Architecture' field
dpkg-divert: warning: parsing file '/var/lib/dpkg/status' near line 25 package 'dpkg':
 missing 'Description' field
dpkg-divert: warning: parsing file '/var/lib/dpkg/status' near line 25 package 'dpkg':
 missing 'Architecture' field
dpkg-divert: warning: parsing file '/var/lib/dpkg/status' near line 25 package 'dpkg':
 missing 'Description' field
dpkg-divert: warning: parsing file '/var/lib/dpkg/status' near line 25 package 'dpkg':
 missing 'Architecture' field
dpkg-divert: warning: parsing file '/var/lib/dpkg/status' near line 25 package 'dpkg':
 missing 'Description' field
dpkg-divert: warning: parsing file '/var/lib/dpkg/status' near line 25 package 'dpkg':
 missing 'Architecture' field
dpkg-divert: warning: parsing file '/var/lib/dpkg/status' near line 25 package 'dpkg':
 missing 'Description' field
dpkg-divert: warning: parsing file '/var/lib/dpkg/status' near line 25 package 'dpkg':
 missing 'Architecture' field
dpkg-divert: warning: parsing file '/var/lib/dpkg/status' near line 25 package 'dpkg':
 missing 'Description' field
dpkg-divert: warning: parsing file '/var/lib/dpkg/status' near line 25 package 'dpkg':
 missing 'Architecture' field
dpkg-divert: warning: parsing file '/var/lib/dpkg/status' near line 25 package 'dpkg':
 missing 'Description' field
dpkg-divert: warning: parsing file '/var/lib/dpkg/status' near line 25 package 'dpkg':
 missing 'Architecture' field
Unpacking base-files (13ubuntu10) ...
dpkg: base-files: dependency problems, but configuring anyway as you requested:
 base-files depends on awk; however:
  Package awk is not installed.
 base-files depends on libc6 (>= 2.34); however:
  Package libc6 is not installed.
 base-files depends on libcrypt1 (>= 1:4.4.10-10ubuntu3); however:
  Package libcrypt1 is not installed.

Setting up base-files (13ubuntu10) ...
dpkg: warning: parsing file '/var/lib/dpkg/status' near line 60 package 'dpkg':
 missing 'Description' field
dpkg: warning: parsing file '/var/lib/dpkg/status' near line 60 package 'dpkg':
 missing 'Architecture' field
dpkg: regarding .../dpkg_1.22.6ubuntu6_arm64.deb containing dpkg, pre-dependency problem:
 dpkg pre-depends on libbz2-1.0
  libbz2-1.0 is not installed.

dpkg: warning: ignoring pre-dependency problem!
dpkg: regarding .../dpkg_1.22.6ubuntu6_arm64.deb containing dpkg, pre-dependency problem:
 dpkg pre-depends on libc6 (>= 2.38)
  libc6 is not installed.

dpkg: warning: ignoring pre-dependency problem!
dpkg: regarding .../dpkg_1.22.6ubuntu6_arm64.deb containing dpkg, pre-dependency problem:
 dpkg pre-depends on liblzma5 (>= 5.4.0)
  liblzma5 is not installed.

dpkg: warning: ignoring pre-dependency problem!
dpkg: regarding .../dpkg_1.22.6ubuntu6_arm64.deb containing dpkg, pre-dependency problem:
 dpkg pre-depends on libmd0 (>= 0.0.0)
  libmd0 is not installed.

dpkg: warning: ignoring pre-dependency problem!
dpkg: regarding .../dpkg_1.22.6ubuntu6_arm64.deb containing dpkg, pre-dependency problem:
 dpkg pre-depends on libselinux1 (>= 3.1~)
  libselinux1 is not installed.

dpkg: warning: ignoring pre-dependency problem!
dpkg: regarding .../dpkg_1.22.6ubuntu6_arm64.deb containing dpkg, pre-dependency problem:
 dpkg pre-depends on libzstd1 (>= 1.5.5)
  libzstd1 is not installed.

dpkg: warning: ignoring pre-dependency problem!
dpkg: regarding .../dpkg_1.22.6ubuntu6_arm64.deb containing dpkg, pre-dependency problem:
 dpkg pre-depends on zlib1g (>= 1:1.1.4)
  zlib1g is not installed.

dpkg: warning: ignoring pre-dependency problem!
(Reading database ... 155 files and directories currently installed.)
Preparing to unpack .../dpkg_1.22.6ubuntu6_arm64.deb ...
Unpacking dpkg (1.22.6ubuntu6) over (1.22.6ubuntu6) ...
dpkg: dpkg: dependency problems, but configuring anyway as you requested:
 dpkg depends on libbz2-1.0; however:
  Package libbz2-1.0 is not installed.
 dpkg depends on libc6 (>= 2.38); however:
  Package libc6 is not installed.
 dpkg depends on liblzma5 (>= 5.4.0); however:
  Package liblzma5 is not installed.
 dpkg depends on libmd0 (>= 0.0.0); however:
  Package libmd0 is not installed.
 dpkg depends on libselinux1 (>= 3.1~); however:
  Package libselinux1 is not installed.
 dpkg depends on libzstd1 (>= 1.5.5); however:
  Package libzstd1 is not installed.
 dpkg depends on zlib1g (>= 1:1.1.4); however:
  Package zlib1g is not installed.
 dpkg depends on tar (>= 1.28-1); however:
  Package tar is not installed.

Setting up dpkg (1.22.6ubuntu6) ...
Selecting previously unselected package libc6:arm64.
(Reading database ... 434 files and directories currently installed.)
Preparing to unpack .../libc6_2.39-0ubuntu8_arm64.deb ...
Unpacking libc6:arm64 (2.39-0ubuntu8) ...
dpkg: libc6:arm64: dependency problems, but configuring anyway as you requested:
 libc6:arm64 depends on libgcc-s1; however:
  Package libgcc-s1 is not installed.

Setting up libc6:arm64 (2.39-0ubuntu8) ...
Selecting previously unselected package perl-base.
dpkg: regarding .../perl-base_5.38.2-3.2build2_arm64.deb containing perl-base, pre-dependency problem:
 perl-base pre-depends on libcrypt1 (>= 1:4.1.0)
  libcrypt1 is not installed.

dpkg: warning: ignoring pre-dependency problem!
(Reading database ... 726 files and directories currently installed.)
Preparing to unpack .../perl-base_5.38.2-3.2build2_arm64.deb ...
Unpacking perl-base (5.38.2-3.2build2) ...
dpkg: perl-base: dependency problems, but configuring anyway as you requested:
 perl-base depends on libcrypt1 (>= 1:4.1.0); however:
  Package libcrypt1 is not installed.

Setting up perl-base (5.38.2-3.2build2) ...
Selecting previously unselected package mawk.
(Reading database ... 1457 files and directories currently installed.)
Preparing to unpack .../mawk_1.3.4.20240123-1build1_arm64.deb ...
Unpacking mawk (1.3.4.20240123-1build1) ...
Setting up mawk (1.3.4.20240123-1build1) ...
update-alternatives: using /usr/bin/mawk to provide /usr/bin/awk (awk) in auto mode
(Reading database ... 1478 files and directories currently installed.)
Preparing to unpack .../base-files_13ubuntu10_arm64.deb ...
Unpacking base-files (13ubuntu10) over (13ubuntu10) ...
Preparing to unpack .../base-passwd_3.6.3build1_arm64.deb ...
Unpacking base-passwd (3.6.3build1) over (3.6.3build1) ...
Selecting previously unselected package bash.
dpkg: regarding .../bash_5.2.21-2ubuntu4_arm64.deb containing bash, pre-dependency problem:
 bash pre-depends on libtinfo6 (>= 6)
  libtinfo6 is not installed.

dpkg: warning: ignoring pre-dependency problem!
Preparing to unpack .../bash_5.2.21-2ubuntu4_arm64.deb ...
Unpacking bash (5.2.21-2ubuntu4) ...
Selecting previously unselected package bsdutils.
dpkg: regarding .../bsdutils_1%3a2.39.3-9ubuntu6_arm64.deb containing bsdutils, pre-dependency problem:
 bsdutils pre-depends on libsystemd0
  libsystemd0 is not installed.

dpkg: warning: ignoring pre-dependency problem!
Preparing to unpack .../bsdutils_1%3a2.39.3-9ubuntu6_arm64.deb ...
Unpacking bsdutils (1:2.39.3-9ubuntu6) ...
Selecting previously unselected package coreutils.
dpkg: regarding .../coreutils_9.4-3ubuntu6_arm64.deb containing coreutils, pre-dependency problem:
 coreutils pre-depends on libacl1 (>= 2.2.23)
  libacl1 is not installed.

dpkg: warning: ignoring pre-dependency problem!
dpkg: regarding .../coreutils_9.4-3ubuntu6_arm64.deb containing coreutils, pre-dependency problem:
 coreutils pre-depends on libattr1 (>= 1:2.4.48)
  libattr1 is not installed.

dpkg: warning: ignoring pre-dependency problem!
dpkg: regarding .../coreutils_9.4-3ubuntu6_arm64.deb containing coreutils, pre-dependency problem:
 coreutils pre-depends on libgmp10 (>= 2:6.3.0+dfsg)
  libgmp10 is not installed.

dpkg: warning: ignoring pre-dependency problem!
dpkg: regarding .../coreutils_9.4-3ubuntu6_arm64.deb containing coreutils, pre-dependency problem:
 coreutils pre-depends on libselinux1 (>= 3.1~)
  libselinux1 is not installed.

dpkg: warning: ignoring pre-dependency problem!
dpkg: regarding .../coreutils_9.4-3ubuntu6_arm64.deb containing coreutils, pre-dependency problem:
 coreutils pre-depends on libssl3t64 (>= 3.0.0)
  libssl3t64 is not installed.

dpkg: warning: ignoring pre-dependency problem!
Preparing to unpack .../coreutils_9.4-3ubuntu6_arm64.deb ...
Unpacking coreutils (9.4-3ubuntu6) ...
Selecting previously unselected package dash.
Preparing to unpack .../dash_0.5.12-6ubuntu5_arm64.deb ...
Unpacking dash (0.5.12-6ubuntu5) ...
Selecting previously unselected package debconf.
Preparing to unpack .../debconf_1.5.86ubuntu1_all.deb ...
Unpacking debconf (1.5.86ubuntu1) ...
Selecting previously unselected package debianutils.
Preparing to unpack .../debianutils_5.17build1_arm64.deb ...
Unpacking debianutils (5.17build1) ...
Selecting previously unselected package diffutils.
Preparing to unpack .../diffutils_1%3a3.10-1build1_arm64.deb ...
Unpacking diffutils (1:3.10-1build1) ...
dpkg: regarding .../dpkg_1.22.6ubuntu6_arm64.deb containing dpkg, pre-dependency problem:
 dpkg pre-depends on libbz2-1.0
  libbz2-1.0 is not installed.

dpkg: warning: ignoring pre-dependency problem!
dpkg: regarding .../dpkg_1.22.6ubuntu6_arm64.deb containing dpkg, pre-dependency problem:
 dpkg pre-depends on liblzma5 (>= 5.4.0)
  liblzma5 is not installed.

dpkg: warning: ignoring pre-dependency problem!
dpkg: regarding .../dpkg_1.22.6ubuntu6_arm64.deb containing dpkg, pre-dependency problem:
 dpkg pre-depends on libmd0 (>= 0.0.0)
  libmd0 is not installed.

dpkg: warning: ignoring pre-dependency problem!
dpkg: regarding .../dpkg_1.22.6ubuntu6_arm64.deb containing dpkg, pre-dependency problem:
 dpkg pre-depends on libselinux1 (>= 3.1~)
  libselinux1 is not installed.

dpkg: warning: ignoring pre-dependency problem!
dpkg: regarding .../dpkg_1.22.6ubuntu6_arm64.deb containing dpkg, pre-dependency problem:
 dpkg pre-depends on libzstd1 (>= 1.5.5)
  libzstd1 is not installed.

dpkg: warning: ignoring pre-dependency problem!
dpkg: regarding .../dpkg_1.22.6ubuntu6_arm64.deb containing dpkg, pre-dependency problem:
 dpkg pre-depends on zlib1g (>= 1:1.1.4)
  zlib1g is not installed.

dpkg: warning: ignoring pre-dependency problem!
Preparing to unpack .../dpkg_1.22.6ubuntu6_arm64.deb ...
Unpacking dpkg (1.22.6ubuntu6) over (1.22.6ubuntu6) ...
Selecting previously unselected package e2fsprogs.
dpkg: regarding .../e2fsprogs_1.47.0-2.4~exp1ubuntu4_arm64.deb containing e2fsprogs, pre-dependency problem:
 e2fsprogs pre-depends on libblkid1 (>= 2.36)
  libblkid1 is not installed.

dpkg: warning: ignoring pre-dependency problem!
dpkg: regarding .../e2fsprogs_1.47.0-2.4~exp1ubuntu4_arm64.deb containing e2fsprogs, pre-dependency problem:
 e2fsprogs pre-depends on libcom-err2 (>= 1.43.9)
  libcom-err2 is not installed.

dpkg: warning: ignoring pre-dependency problem!
dpkg: regarding .../e2fsprogs_1.47.0-2.4~exp1ubuntu4_arm64.deb containing e2fsprogs, pre-dependency problem:
 e2fsprogs pre-depends on libext2fs2t64 (= 1.47.0-2.4~exp1ubuntu4)
  libext2fs2t64 is not installed.

dpkg: warning: ignoring pre-dependency problem!
dpkg: regarding .../e2fsprogs_1.47.0-2.4~exp1ubuntu4_arm64.deb containing e2fsprogs, pre-dependency problem:
 e2fsprogs pre-depends on libss2 (>= 1.38)
  libss2 is not installed.

dpkg: warning: ignoring pre-dependency problem!
dpkg: regarding .../e2fsprogs_1.47.0-2.4~exp1ubuntu4_arm64.deb containing e2fsprogs, pre-dependency problem:
 e2fsprogs pre-depends on libuuid1 (>= 2.16)
  libuuid1 is not installed.

dpkg: warning: ignoring pre-dependency problem!
Preparing to unpack .../e2fsprogs_1.47.0-2.4~exp1ubuntu4_arm64.deb ...
Unpacking e2fsprogs (1.47.0-2.4~exp1ubuntu4) ...
Selecting previously unselected package findutils.
dpkg: regarding .../findutils_4.9.0-5build1_arm64.deb containing findutils, pre-dependency problem:
 findutils pre-depends on libselinux1 (>= 3.1~)
  libselinux1 is not installed.

dpkg: warning: ignoring pre-dependency problem!
Preparing to unpack .../findutils_4.9.0-5build1_arm64.deb ...
Unpacking findutils (4.9.0-5build1) ...
Selecting previously unselected package gcc-14-base:arm64.
Preparing to unpack .../gcc-14-base_14-20240412-0ubuntu1_arm64.deb ...
Unpacking gcc-14-base:arm64 (14-20240412-0ubuntu1) ...
Selecting previously unselected package grep.
dpkg: regarding .../grep_3.11-4build1_arm64.deb containing grep, pre-dependency problem:
 grep pre-depends on libpcre2-8-0 (>= 10.32)
  libpcre2-8-0 is not installed.

dpkg: warning: ignoring pre-dependency problem!
Preparing to unpack .../grep_3.11-4build1_arm64.deb ...
Unpacking grep (3.11-4build1) ...
Selecting previously unselected package gzip.
Preparing to unpack .../gzip_1.12-1ubuntu3_arm64.deb ...
Unpacking gzip (1.12-1ubuntu3) ...
Selecting previously unselected package hostname.
Preparing to unpack .../hostname_3.23+nmu2ubuntu2_arm64.deb ...
Unpacking hostname (3.23+nmu2ubuntu2) ...
Selecting previously unselected package init-system-helpers.
Preparing to unpack .../init-system-helpers_1.66ubuntu1_all.deb ...
Unpacking init-system-helpers (1.66ubuntu1) ...
Selecting previously unselected package libacl1:arm64.
Preparing to unpack .../libacl1_2.3.2-1build1_arm64.deb ...
Unpacking libacl1:arm64 (2.3.2-1build1) ...
Selecting previously unselected package libattr1:arm64.
Preparing to unpack .../libattr1_1%3a2.5.2-1build1_arm64.deb ...
Unpacking libattr1:arm64 (1:2.5.2-1build1) ...
Selecting previously unselected package libaudit-common.
Preparing to unpack .../libaudit-common_1%3a3.1.2-2.1build1_all.deb ...
Unpacking libaudit-common (1:3.1.2-2.1build1) ...
Selecting previously unselected package libaudit1:arm64.
Preparing to unpack .../libaudit1_1%3a3.1.2-2.1build1_arm64.deb ...
Unpacking libaudit1:arm64 (1:3.1.2-2.1build1) ...
Selecting previously unselected package libblkid1:arm64.
Preparing to unpack .../libblkid1_2.39.3-9ubuntu6_arm64.deb ...
Unpacking libblkid1:arm64 (2.39.3-9ubuntu6) ...
Selecting previously unselected package libbz2-1.0:arm64.
Preparing to unpack .../libbz2-1.0_1.0.8-5.1_arm64.deb ...
Unpacking libbz2-1.0:arm64 (1.0.8-5.1) ...
Selecting previously unselected package libc-bin.
Preparing to unpack .../libc-bin_2.39-0ubuntu8_arm64.deb ...
Unpacking libc-bin (2.39-0ubuntu8) ...
Preparing to unpack .../libc6_2.39-0ubuntu8_arm64.deb ...
Unpacking libc6:arm64 (2.39-0ubuntu8) over (2.39-0ubuntu8) ...
Selecting previously unselected package libcap-ng0:arm64.
Preparing to unpack .../libcap-ng0_0.8.4-2build2_arm64.deb ...
Unpacking libcap-ng0:arm64 (0.8.4-2build2) ...
Selecting previously unselected package libcap2:arm64.
Preparing to unpack .../libcap2_1%3a2.66-5ubuntu2_arm64.deb ...
Unpacking libcap2:arm64 (1:2.66-5ubuntu2) ...
Selecting previously unselected package libcom-err2:arm64.
Preparing to unpack .../libcom-err2_1.47.0-2.4~exp1ubuntu4_arm64.deb ...
Unpacking libcom-err2:arm64 (1.47.0-2.4~exp1ubuntu4) ...
Selecting previously unselected package libcrypt1:arm64.
Preparing to unpack .../libcrypt1_1%3a4.4.36-4build1_arm64.deb ...
Unpacking libcrypt1:arm64 (1:4.4.36-4build1) ...
Selecting previously unselected package libdebconfclient0:arm64.
Preparing to unpack .../libdebconfclient0_0.271ubuntu3_arm64.deb ...
Unpacking libdebconfclient0:arm64 (0.271ubuntu3) ...
Selecting previously unselected package libext2fs2t64:arm64.
Preparing to unpack .../libext2fs2t64_1.47.0-2.4~exp1ubuntu4_arm64.deb ...
Adding 'diversion of /lib/aarch64-linux-gnu/libe2p.so.2 to /lib/aarch64-linux-gnu/libe2p.so.2.usr-is-merged by libext2fs2t64'
Adding 'diversion of /lib/aarch64-linux-gnu/libe2p.so.2.3 to /lib/aarch64-linux-gnu/libe2p.so.2.3.usr-is-merged by libext2fs2t64'
Adding 'diversion of /lib/aarch64-linux-gnu/libext2fs.so.2 to /lib/aarch64-linux-gnu/libext2fs.so.2.usr-is-merged by libext2fs2t64'
Adding 'diversion of /lib/aarch64-linux-gnu/libext2fs.so.2.4 to /lib/aarch64-linux-gnu/libext2fs.so.2.4.usr-is-merged by libext2fs2t64'
Unpacking libext2fs2t64:arm64 (1.47.0-2.4~exp1ubuntu4) ...
Selecting previously unselected package libgcc-s1:arm64.
Preparing to unpack .../libgcc-s1_14-20240412-0ubuntu1_arm64.deb ...
Unpacking libgcc-s1:arm64 (14-20240412-0ubuntu1) ...
Selecting previously unselected package libgcrypt20:arm64.
Preparing to unpack .../libgcrypt20_1.10.3-2build1_arm64.deb ...
Unpacking libgcrypt20:arm64 (1.10.3-2build1) ...
Selecting previously unselected package libgmp10:arm64.
Preparing to unpack .../libgmp10_2%3a6.3.0+dfsg-2ubuntu6_arm64.deb ...
Unpacking libgmp10:arm64 (2:6.3.0+dfsg-2ubuntu6) ...
Selecting previously unselected package libgpg-error0:arm64.
Preparing to unpack .../libgpg-error0_1.47-3build2_arm64.deb ...
Unpacking libgpg-error0:arm64 (1.47-3build2) ...
Selecting previously unselected package liblz4-1:arm64.
Preparing to unpack .../liblz4-1_1.9.4-1build1_arm64.deb ...
Unpacking liblz4-1:arm64 (1.9.4-1build1) ...
Selecting previously unselected package liblzma5:arm64.
Preparing to unpack .../liblzma5_5.6.1+really5.4.5-1_arm64.deb ...
Unpacking liblzma5:arm64 (5.6.1+really5.4.5-1) ...
Selecting previously unselected package libmd0:arm64.
Preparing to unpack .../libmd0_1.1.0-2build1_arm64.deb ...
Unpacking libmd0:arm64 (1.1.0-2build1) ...
Selecting previously unselected package libmount1:arm64.
Preparing to unpack .../libmount1_2.39.3-9ubuntu6_arm64.deb ...
Unpacking libmount1:arm64 (2.39.3-9ubuntu6) ...
Selecting previously unselected package libncursesw6:arm64.
Preparing to unpack .../libncursesw6_6.4+20240113-1ubuntu2_arm64.deb ...
Unpacking libncursesw6:arm64 (6.4+20240113-1ubuntu2) ...
Selecting previously unselected package libpam-modules:arm64.
dpkg: regarding .../libpam-modules_1.5.3-5ubuntu5_arm64.deb containing libpam-modules:arm64, pre-dependency problem:
 libpam-modules pre-depends on libaudit1 (>= 1:2.2.1)
  libaudit1:arm64 is unpacked, but has never been configured.

dpkg: warning: ignoring pre-dependency problem!
dpkg: regarding .../libpam-modules_1.5.3-5ubuntu5_arm64.deb containing libpam-modules:arm64, pre-dependency problem:
 libpam-modules pre-depends on libcrypt1 (>= 1:4.3.0)
  libcrypt1:arm64 is unpacked, but has never been configured.

dpkg: warning: ignoring pre-dependency problem!
dpkg: regarding .../libpam-modules_1.5.3-5ubuntu5_arm64.deb containing libpam-modules:arm64, pre-dependency problem:
 libpam-modules pre-depends on libpam0g (>= 1.4.1)
  libpam0g is not installed.

dpkg: warning: ignoring pre-dependency problem!
dpkg: regarding .../libpam-modules_1.5.3-5ubuntu5_arm64.deb containing libpam-modules:arm64, pre-dependency problem:
 libpam-modules pre-depends on libselinux1 (>= 3.1~)
  libselinux1 is not installed.

dpkg: warning: ignoring pre-dependency problem!
dpkg: regarding .../libpam-modules_1.5.3-5ubuntu5_arm64.deb containing libpam-modules:arm64, pre-dependency problem:
 libpam-modules pre-depends on libsystemd0
  libsystemd0 is not installed.

dpkg: warning: ignoring pre-dependency problem!
dpkg: regarding .../libpam-modules_1.5.3-5ubuntu5_arm64.deb containing libpam-modules:arm64, pre-dependency problem:
 libpam-modules pre-depends on debconf (>= 0.5) | debconf-2.0
  debconf is unpacked, but has never been configured.
  debconf provides debconf-2.0 but is unpacked but not configured.

dpkg: warning: ignoring pre-dependency problem!
dpkg: regarding .../libpam-modules_1.5.3-5ubuntu5_arm64.deb containing libpam-modules:arm64, pre-dependency problem:
 libpam-modules pre-depends on libpam-modules-bin (= 1.5.3-5ubuntu5)
  libpam-modules-bin is not installed.

dpkg: warning: ignoring pre-dependency problem!
Preparing to unpack .../libpam-modules_1.5.3-5ubuntu5_arm64.deb ...
Unpacking libpam-modules:arm64 (1.5.3-5ubuntu5) ...
Selecting previously unselected package libpam-modules-bin.
Preparing to unpack .../libpam-modules-bin_1.5.3-5ubuntu5_arm64.deb ...
Unpacking libpam-modules-bin (1.5.3-5ubuntu5) ...
Selecting previously unselected package libpam-runtime.
Preparing to unpack .../libpam-runtime_1.5.3-5ubuntu5_all.deb ...
Unpacking libpam-runtime (1.5.3-5ubuntu5) ...
Selecting previously unselected package libpam0g:arm64.
Preparing to unpack .../libpam0g_1.5.3-5ubuntu5_arm64.deb ...
Unpacking libpam0g:arm64 (1.5.3-5ubuntu5) ...
Selecting previously unselected package libpcre2-8-0:arm64.
Preparing to unpack .../libpcre2-8-0_10.42-4ubuntu2_arm64.deb ...
Unpacking libpcre2-8-0:arm64 (10.42-4ubuntu2) ...
Selecting previously unselected package libproc2-0:arm64.
Preparing to unpack .../libproc2-0_2%3a4.0.4-4ubuntu3_arm64.deb ...
Unpacking libproc2-0:arm64 (2:4.0.4-4ubuntu3) ...
Selecting previously unselected package libselinux1:arm64.
Preparing to unpack .../libselinux1_3.5-2ubuntu2_arm64.deb ...
Unpacking libselinux1:arm64 (3.5-2ubuntu2) ...
Selecting previously unselected package libsemanage-common.
Preparing to unpack .../libsemanage-common_3.5-1build5_all.deb ...
Unpacking libsemanage-common (3.5-1build5) ...
Selecting previously unselected package libsemanage2:arm64.
Preparing to unpack .../libsemanage2_3.5-1build5_arm64.deb ...
Unpacking libsemanage2:arm64 (3.5-1build5) ...
Selecting previously unselected package libsepol2:arm64.
Preparing to unpack .../libsepol2_3.5-2build1_arm64.deb ...
Unpacking libsepol2:arm64 (3.5-2build1) ...
Selecting previously unselected package libsmartcols1:arm64.
Preparing to unpack .../libsmartcols1_2.39.3-9ubuntu6_arm64.deb ...
Unpacking libsmartcols1:arm64 (2.39.3-9ubuntu6) ...
Selecting previously unselected package libss2:arm64.
Preparing to unpack .../libss2_1.47.0-2.4~exp1ubuntu4_arm64.deb ...
Unpacking libss2:arm64 (1.47.0-2.4~exp1ubuntu4) ...
Selecting previously unselected package libssl3t64:arm64.
Preparing to unpack .../libssl3t64_3.0.13-0ubuntu3_arm64.deb ...
Unpacking libssl3t64:arm64 (3.0.13-0ubuntu3) ...
Selecting previously unselected package libsystemd0:arm64.
Preparing to unpack .../libsystemd0_255.4-1ubuntu8_arm64.deb ...
Unpacking libsystemd0:arm64 (255.4-1ubuntu8) ...
Selecting previously unselected package libtinfo6:arm64.
Preparing to unpack .../libtinfo6_6.4+20240113-1ubuntu2_arm64.deb ...
Unpacking libtinfo6:arm64 (6.4+20240113-1ubuntu2) ...
Selecting previously unselected package libudev1:arm64.
Preparing to unpack .../libudev1_255.4-1ubuntu8_arm64.deb ...
Unpacking libudev1:arm64 (255.4-1ubuntu8) ...
Selecting previously unselected package libuuid1:arm64.
Preparing to unpack .../libuuid1_2.39.3-9ubuntu6_arm64.deb ...
Unpacking libuuid1:arm64 (2.39.3-9ubuntu6) ...
Selecting previously unselected package libzstd1:arm64.
Preparing to unpack .../libzstd1_1.5.5+dfsg2-2build1_arm64.deb ...
Unpacking libzstd1:arm64 (1.5.5+dfsg2-2build1) ...
Selecting previously unselected package login.
dpkg: regarding .../login_1%3a4.13+dfsg1-4ubuntu3_arm64.deb containing login, pre-dependency problem:
 login pre-depends on libaudit1 (>= 1:2.2.1)
  libaudit1:arm64 is unpacked, but has never been configured.

dpkg: warning: ignoring pre-dependency problem!
dpkg: regarding .../login_1%3a4.13+dfsg1-4ubuntu3_arm64.deb containing login, pre-dependency problem:
 login pre-depends on libcrypt1 (>= 1:4.1.0)
  libcrypt1:arm64 is unpacked, but has never been configured.

dpkg: warning: ignoring pre-dependency problem!
dpkg: regarding .../login_1%3a4.13+dfsg1-4ubuntu3_arm64.deb containing login, pre-dependency problem:
 login pre-depends on libpam0g (>= 0.99.7.1)
  libpam0g:arm64 is unpacked, but has never been configured.

dpkg: warning: ignoring pre-dependency problem!
dpkg: regarding .../login_1%3a4.13+dfsg1-4ubuntu3_arm64.deb containing login, pre-dependency problem:
 login pre-depends on libpam-runtime
  libpam-runtime is unpacked, but has never been configured.

dpkg: warning: ignoring pre-dependency problem!
dpkg: regarding .../login_1%3a4.13+dfsg1-4ubuntu3_arm64.deb containing login, pre-dependency problem:
 login pre-depends on libpam-modules
  libpam-modules:arm64 is unpacked, but has never been configured.

dpkg: warning: ignoring pre-dependency problem!
Preparing to unpack .../login_1%3a4.13+dfsg1-4ubuntu3_arm64.deb ...
Unpacking login (1:4.13+dfsg1-4ubuntu3) ...
Selecting previously unselected package logsave.
Preparing to unpack .../logsave_1.47.0-2.4~exp1ubuntu4_arm64.deb ...
Unpacking logsave (1.47.0-2.4~exp1ubuntu4) ...
Preparing to unpack .../mawk_1.3.4.20240123-1build1_arm64.deb ...
Unpacking mawk (1.3.4.20240123-1build1) over (1.3.4.20240123-1build1) ...
Selecting previously unselected package mount.
dpkg: regarding .../mount_2.39.3-9ubuntu6_arm64.deb containing mount, pre-dependency problem:
 mount pre-depends on libblkid1 (>= 2.17.2)
  libblkid1:arm64 is unpacked, but has never been configured.

dpkg: warning: ignoring pre-dependency problem!
dpkg: regarding .../mount_2.39.3-9ubuntu6_arm64.deb containing mount, pre-dependency problem:
 mount pre-depends on libmount1 (>= 2.39.1)
  libmount1:arm64 is unpacked, but has never been configured.

dpkg: warning: ignoring pre-dependency problem!
dpkg: regarding .../mount_2.39.3-9ubuntu6_arm64.deb containing mount, pre-dependency problem:
 mount pre-depends on libselinux1 (>= 3.1~)
  libselinux1:arm64 is unpacked, but has never been configured.

dpkg: warning: ignoring pre-dependency problem!
dpkg: regarding .../mount_2.39.3-9ubuntu6_arm64.deb containing mount, pre-dependency problem:
 mount pre-depends on libsmartcols1 (>= 2.33)
  libsmartcols1:arm64 is unpacked, but has never been configured.

dpkg: warning: ignoring pre-dependency problem!
Preparing to unpack .../mount_2.39.3-9ubuntu6_arm64.deb ...
Unpacking mount (2.39.3-9ubuntu6) ...
Selecting previously unselected package ncurses-base.
Preparing to unpack .../ncurses-base_6.4+20240113-1ubuntu2_all.deb ...
Unpacking ncurses-base (6.4+20240113-1ubuntu2) ...
Selecting previously unselected package ncurses-bin.
dpkg: regarding .../ncurses-bin_6.4+20240113-1ubuntu2_arm64.deb containing ncurses-bin, pre-dependency problem:
 ncurses-bin pre-depends on libtinfo6 (>= 6.4+20230603)
  libtinfo6:arm64 is unpacked, but has never been configured.

dpkg: warning: ignoring pre-dependency problem!
Preparing to unpack .../ncurses-bin_6.4+20240113-1ubuntu2_arm64.deb ...
Unpacking ncurses-bin (6.4+20240113-1ubuntu2) ...
Selecting previously unselected package passwd.
Preparing to unpack .../passwd_1%3a4.13+dfsg1-4ubuntu3_arm64.deb ...
Unpacking passwd (1:4.13+dfsg1-4ubuntu3) ...
dpkg: regarding .../perl-base_5.38.2-3.2build2_arm64.deb containing perl-base, pre-dependency problem:
 perl-base pre-depends on libcrypt1 (>= 1:4.1.0)
  libcrypt1:arm64 is unpacked, but has never been configured.

dpkg: warning: ignoring pre-dependency problem!
Preparing to unpack .../perl-base_5.38.2-3.2build2_arm64.deb ...
Unpacking perl-base (5.38.2-3.2build2) over (5.38.2-3.2build2) ...
Selecting previously unselected package procps.
Preparing to unpack .../procps_2%3a4.0.4-4ubuntu3_arm64.deb ...
Unpacking procps (2:4.0.4-4ubuntu3) ...
Selecting previously unselected package sed.
dpkg: regarding .../sed_4.9-2build1_arm64.deb containing sed, pre-dependency problem:
 sed pre-depends on libacl1 (>= 2.2.23)
  libacl1:arm64 is unpacked, but has never been configured.

dpkg: warning: ignoring pre-dependency problem!
dpkg: regarding .../sed_4.9-2build1_arm64.deb containing sed, pre-dependency problem:
 sed pre-depends on libselinux1 (>= 3.1~)
  libselinux1:arm64 is unpacked, but has never been configured.

dpkg: warning: ignoring pre-dependency problem!
Preparing to unpack .../sed_4.9-2build1_arm64.deb ...
Unpacking sed (4.9-2build1) ...
Selecting previously unselected package sensible-utils.
Preparing to unpack .../sensible-utils_0.0.22_all.deb ...
Unpacking sensible-utils (0.0.22) ...
Selecting previously unselected package sysvinit-utils.
Preparing to unpack .../sysvinit-utils_3.08-6ubuntu3_arm64.deb ...
Unpacking sysvinit-utils (3.08-6ubuntu3) ...
Selecting previously unselected package tar.
dpkg: regarding .../tar_1.35+dfsg-3build1_arm64.deb containing tar, pre-dependency problem:
 tar pre-depends on libacl1 (>= 2.2.23)
  libacl1:arm64 is unpacked, but has never been configured.

dpkg: warning: ignoring pre-dependency problem!
dpkg: regarding .../tar_1.35+dfsg-3build1_arm64.deb containing tar, pre-dependency problem:
 tar pre-depends on libselinux1 (>= 3.1~)
  libselinux1:arm64 is unpacked, but has never been configured.

dpkg: warning: ignoring pre-dependency problem!
Preparing to unpack .../tar_1.35+dfsg-3build1_arm64.deb ...
Unpacking tar (1.35+dfsg-3build1) ...
Selecting previously unselected package util-linux.
dpkg: regarding .../util-linux_2.39.3-9ubuntu6_arm64.deb containing util-linux, pre-dependency problem:
 util-linux pre-depends on libblkid1 (>= 2.37.2)
  libblkid1:arm64 is unpacked, but has never been configured.

dpkg: warning: ignoring pre-dependency problem!
dpkg: regarding .../util-linux_2.39.3-9ubuntu6_arm64.deb containing util-linux, pre-dependency problem:
 util-linux pre-depends on libcap-ng0 (>= 0.7.9)
  libcap-ng0:arm64 is unpacked, but has never been configured.

dpkg: warning: ignoring pre-dependency problem!
dpkg: regarding .../util-linux_2.39.3-9ubuntu6_arm64.deb containing util-linux, pre-dependency problem:
 util-linux pre-depends on libcrypt1 (>= 1:4.1.0)
  libcrypt1:arm64 is unpacked, but has never been configured.

dpkg: warning: ignoring pre-dependency problem!
dpkg: regarding .../util-linux_2.39.3-9ubuntu6_arm64.deb containing util-linux, pre-dependency problem:
 util-linux pre-depends on libmount1 (>= 2.39.1)
  libmount1:arm64 is unpacked, but has never been configured.

dpkg: warning: ignoring pre-dependency problem!
dpkg: regarding .../util-linux_2.39.3-9ubuntu6_arm64.deb containing util-linux, pre-dependency problem:
 util-linux pre-depends on libpam0g (>= 0.99.7.1)
  libpam0g:arm64 is unpacked, but has never been configured.

dpkg: warning: ignoring pre-dependency problem!
dpkg: regarding .../util-linux_2.39.3-9ubuntu6_arm64.deb containing util-linux, pre-dependency problem:
 util-linux pre-depends on libselinux1 (>= 3.1~)
  libselinux1:arm64 is unpacked, but has never been configured.

dpkg: warning: ignoring pre-dependency problem!
dpkg: regarding .../util-linux_2.39.3-9ubuntu6_arm64.deb containing util-linux, pre-dependency problem:
 util-linux pre-depends on libsmartcols1 (>= 2.38)
  libsmartcols1:arm64 is unpacked, but has never been configured.

dpkg: warning: ignoring pre-dependency problem!
dpkg: regarding .../util-linux_2.39.3-9ubuntu6_arm64.deb containing util-linux, pre-dependency problem:
 util-linux pre-depends on libsystemd0
  libsystemd0:arm64 is unpacked, but has never been configured.

dpkg: warning: ignoring pre-dependency problem!
dpkg: regarding .../util-linux_2.39.3-9ubuntu6_arm64.deb containing util-linux, pre-dependency problem:
 util-linux pre-depends on libtinfo6 (>= 6)
  libtinfo6:arm64 is unpacked, but has never been configured.

dpkg: warning: ignoring pre-dependency problem!
dpkg: regarding .../util-linux_2.39.3-9ubuntu6_arm64.deb containing util-linux, pre-dependency problem:
 util-linux pre-depends on libudev1 (>= 183)
  libudev1:arm64 is unpacked, but has never been configured.

dpkg: warning: ignoring pre-dependency problem!
dpkg: regarding .../util-linux_2.39.3-9ubuntu6_arm64.deb containing util-linux, pre-dependency problem:
 util-linux pre-depends on libuuid1 (>= 2.16)
  libuuid1:arm64 is unpacked, but has never been configured.

dpkg: warning: ignoring pre-dependency problem!
dpkg: regarding .../util-linux_2.39.3-9ubuntu6_arm64.deb containing util-linux, pre-dependency problem:
 util-linux pre-depends on zlib1g (>= 1:1.1.4)
  zlib1g is not installed.

dpkg: warning: ignoring pre-dependency problem!
Preparing to unpack .../util-linux_2.39.3-9ubuntu6_arm64.deb ...
Unpacking util-linux (2.39.3-9ubuntu6) ...
Selecting previously unselected package zlib1g:arm64.
Preparing to unpack .../zlib1g_1%3a1.3.dfsg-3.1ubuntu2_arm64.deb ...
Unpacking zlib1g:arm64 (1:1.3.dfsg-3.1ubuntu2) ...
Setting up gcc-14-base:arm64 (14-20240412-0ubuntu1) ...
Setting up libaudit-common (1:3.1.2-2.1build1) ...
Setting up libsemanage-common (3.5-1build5) ...
Setting up debconf (1.5.86ubuntu1) ...
Setting up ncurses-base (6.4+20240113-1ubuntu2) ...
Setting up init-system-helpers (1.66ubuntu1) ...
Setting up sensible-utils (0.0.22) ...
Setting up libgcc-s1:arm64 (14-20240412-0ubuntu1) ...
Setting up libc6:arm64 (2.39-0ubuntu8) ...
Setting up libmd0:arm64 (1.1.0-2build1) ...
Setting up libattr1:arm64 (1:2.5.2-1build1) ...
Setting up sysvinit-utils (3.08-6ubuntu3) ...
Setting up libext2fs2t64:arm64 (1.47.0-2.4~exp1ubuntu4) ...
Setting up debianutils (5.17build1) ...
update-alternatives: using /usr/bin/which.debianutils to provide /usr/bin/which (which) in auto mode
Setting up mawk (1.3.4.20240123-1build1) ...
Setting up libdebconfclient0:arm64 (0.271ubuntu3) ...
Setting up libbz2-1.0:arm64 (1.0.8-5.1) ...
Setting up libblkid1:arm64 (2.39.3-9ubuntu6) ...
Setting up libtinfo6:arm64 (6.4+20240113-1ubuntu2) ...
Setting up libzstd1:arm64 (1.5.5+dfsg2-2build1) ...
Setting up liblzma5:arm64 (5.6.1+really5.4.5-1) ...
Setting up libgpg-error0:arm64 (1.47-3build2) ...
Setting up libssl3t64:arm64 (3.0.13-0ubuntu3) ...
Setting up liblz4-1:arm64 (1.9.4-1build1) ...
Setting up libc-bin (2.39-0ubuntu8) ...
Setting up ncurses-bin (6.4+20240113-1ubuntu2) ...
Setting up libacl1:arm64 (2.3.2-1build1) ...
Setting up libsmartcols1:arm64 (2.39.3-9ubuntu6) ...
Setting up libgcrypt20:arm64 (1.10.3-2build1) ...
Setting up zlib1g:arm64 (1:1.3.dfsg-3.1ubuntu2) ...
Setting up libcrypt1:arm64 (1:4.4.36-4build1) ...
Setting up libcom-err2:arm64 (1.47.0-2.4~exp1ubuntu4) ...
Setting up diffutils (1:3.10-1build1) ...
Setting up libcap2:arm64 (1:2.66-5ubuntu2) ...
Setting up hostname (3.23+nmu2ubuntu2) ...
Setting up libcap-ng0:arm64 (0.8.4-2build2) ...
Setting up libgmp10:arm64 (2:6.3.0+dfsg-2ubuntu6) ...
Setting up libaudit1:arm64 (1:3.1.2-2.1build1) ...
Setting up libuuid1:arm64 (2.39.3-9ubuntu6) ...
Setting up libss2:arm64 (1.47.0-2.4~exp1ubuntu4) ...
Setting up libsepol2:arm64 (3.5-2build1) ...
Setting up libpcre2-8-0:arm64 (10.42-4ubuntu2) ...
Setting up libncursesw6:arm64 (6.4+20240113-1ubuntu2) ...
Setting up logsave (1.47.0-2.4~exp1ubuntu4) ...
Setting up libudev1:arm64 (255.4-1ubuntu8) ...
Setting up base-files (13ubuntu10) ...
Setting up bash (5.2.21-2ubuntu4) ...
update-alternatives: using /usr/share/man/man7/bash-builtins.7.gz to provide /usr/share/man/man7/builtins.7.gz (builtins.7.gz) in auto mode
Setting up grep (3.11-4build1) ...
Setting up e2fsprogs (1.47.0-2.4~exp1ubuntu4) ...
Setting up libsystemd0:arm64 (255.4-1ubuntu8) ...
Setting up libselinux1:arm64 (3.5-2ubuntu2) ...
Setting up libpam0g:arm64 (1.5.3-5ubuntu5) ...
Setting up sed (4.9-2build1) ...
Setting up libproc2-0:arm64 (2:4.0.4-4ubuntu3) ...
Setting up findutils (4.9.0-5build1) ...
Setting up libmount1:arm64 (2.39.3-9ubuntu6) ...
Setting up procps (2:4.0.4-4ubuntu3) ...
Setting up libsemanage2:arm64 (3.5-1build5) ...
Setting up base-passwd (3.6.3build1) ...
Setting up bsdutils (1:2.39.3-9ubuntu6) ...
Setting up tar (1.35+dfsg-3build1) ...
update-alternatives: using /usr/sbin/rmt-tar to provide /usr/sbin/rmt (rmt) in auto mode
Setting up libpam-modules-bin (1.5.3-5ubuntu5) ...
Setting up coreutils (9.4-3ubuntu6) ...
Setting up util-linux (2.39.3-9ubuntu6) ...
update-alternatives: using /bin/more to provide /usr/bin/pager (pager) in auto mode
Setting up dpkg (1.22.6ubuntu6) ...
Setting up mount (2.39.3-9ubuntu6) ...
Setting up dash (0.5.12-6ubuntu5) ...
Setting up libpam-modules:arm64 (1.5.3-5ubuntu5) ...
Setting up perl-base (5.38.2-3.2build2) ...
Setting up gzip (1.12-1ubuntu3) ...
Setting up passwd (1:4.13+dfsg1-4ubuntu3) ...
Shadow passwords are now on.
Setting up libpam-runtime (1.5.3-5ubuntu5) ...
Setting up login (1:4.13+dfsg1-4ubuntu3) ...
Processing triggers for libc-bin (2.39-0ubuntu8) ...
(Reading database ... 3958 files and directories currently installed.)
Preparing to unpack .../apt_2.7.14build2_arm64.deb ...
Unpacking apt (2.7.14build2) ...
Preparing to unpack .../gpgv_2.4.4-2ubuntu17_arm64.deb ...
Unpacking gpgv (2.4.4-2ubuntu17) ...
Preparing to unpack .../libapt-pkg6.0t64_2.7.14build2_arm64.deb ...
Unpacking libapt-pkg6.0t64:arm64 (2.7.14build2) ...
Preparing to unpack .../libassuan0_2.5.6-1build1_arm64.deb ...
Unpacking libassuan0:arm64 (2.5.6-1build1) ...
Preparing to unpack .../libffi8_3.4.6-1build1_arm64.deb ...
Unpacking libffi8:arm64 (3.4.6-1build1) ...
Preparing to unpack .../libgnutls30t64_3.8.3-1.1ubuntu3_arm64.deb ...
Unpacking libgnutls30t64:arm64 (3.8.3-1.1ubuntu3) ...
Preparing to unpack .../libhogweed6t64_3.9.1-2.2build1_arm64.deb ...
Unpacking libhogweed6t64:arm64 (3.9.1-2.2build1) ...
Preparing to unpack .../libidn2-0_2.3.7-2build1_arm64.deb ...
Unpacking libidn2-0:arm64 (2.3.7-2build1) ...
Preparing to unpack .../libnettle8t64_3.9.1-2.2build1_arm64.deb ...
Unpacking libnettle8t64:arm64 (3.9.1-2.2build1) ...
Preparing to unpack .../libnpth0t64_1.6-3.1build1_arm64.deb ...
Unpacking libnpth0t64:arm64 (1.6-3.1build1) ...
Preparing to unpack .../libp11-kit0_0.25.3-4ubuntu2_arm64.deb ...
Unpacking libp11-kit0:arm64 (0.25.3-4ubuntu2) ...
Preparing to unpack .../libseccomp2_2.5.5-1ubuntu3_arm64.deb ...
Unpacking libseccomp2:arm64 (2.5.5-1ubuntu3) ...
Preparing to unpack .../libstdc++6_14-20240412-0ubuntu1_arm64.deb ...
Unpacking libstdc++6:arm64 (14-20240412-0ubuntu1) ...
Preparing to unpack .../libtasn1-6_4.19.0-3build1_arm64.deb ...
Unpacking libtasn1-6:arm64 (4.19.0-3build1) ...
Preparing to unpack .../libunistring5_1.1-2build1_arm64.deb ...
Unpacking libunistring5:arm64 (1.1-2build1) ...
Preparing to unpack .../libxxhash0_0.8.2-2build1_arm64.deb ...
Unpacking libxxhash0:arm64 (0.8.2-2build1) ...
Preparing to unpack .../ubuntu-keyring_2023.11.28.1_all.deb ...
Unpacking ubuntu-keyring (2023.11.28.1) ...
Processing triggers for libc-bin (2.39-0ubuntu8) ...
Setting up libnpth0t64:arm64 (1.6-3.1build1) ...
Setting up libassuan0:arm64 (2.5.6-1build1) ...
Setting up ubuntu-keyring (2023.11.28.1) ...
Setting up libseccomp2:arm64 (2.5.5-1ubuntu3) ...
Setting up libnettle8t64:arm64 (3.9.1-2.2build1) ...
Setting up libunistring5:arm64 (1.1-2build1) ...
Setting up libffi8:arm64 (3.4.6-1build1) ...
Setting up libhogweed6t64:arm64 (3.9.1-2.2build1) ...
Setting up gpgv (2.4.4-2ubuntu17) ...
Setting up libxxhash0:arm64 (0.8.2-2build1) ...
Setting up libtasn1-6:arm64 (4.19.0-3build1) ...
Setting up libstdc++6:arm64 (14-20240412-0ubuntu1) ...
Setting up libidn2-0:arm64 (2.3.7-2build1) ...
Setting up libp11-kit0:arm64 (0.25.3-4ubuntu2) ...
Setting up libapt-pkg6.0t64:arm64 (2.7.14build2) ...
Setting up libgnutls30t64:arm64 (3.8.3-1.1ubuntu3) ...
Setting up apt (2.7.14build2) ...
Processing triggers for libc-bin (2.39-0ubuntu8) ...
